c:\users\shimada\desktop\新しいフォルダー (4)\vn_framework_2021\vn_framework_2021\vn_framework_2021\x64\debug\vc142.pdb
c:\users\shimada\desktop\新しいフォルダー (4)\vn_framework_2021\vn_framework_2021\vn_framework_2021\x64\debug\vc142.idb
c:\users\shimada\desktop\新しいフォルダー (4)\vn_framework_2021\vn_framework_2021\vn_framework_2021\x64\debug\scene_joystick_test.obj
c:\users\shimada\desktop\新しいフォルダー (4)\vn_framework_2021\vn_framework_2021\vn_framework_2021\x64\debug\scene_font_test.obj
c:\users\shimada\desktop\新しいフォルダー (4)\vn_framework_2021\vn_framework_2021\vn_framework_2021\x64\debug\scene_boot.obj
c:\users\shimada\desktop\新しいフォルダー (4)\vn_framework_2021\vn_framework_2021\vn_framework_2021\x64\debug\scene_block_test.obj
c:\users\shimada\desktop\新しいフォルダー (4)\vn_framework_2021\vn_framework_2021\vn_framework_2021\x64\debug\scene_action_test.obj
c:\users\shimada\desktop\新しいフォルダー (4)\vn_framework_2021\vn_framework_2021\vn_framework_2021\x64\debug\player2d.obj
c:\users\shimada\desktop\新しいフォルダー (4)\vn_framework_2021\vn_framework_2021\vn_framework_2021\x64\debug\item2d.obj
c:\users\shimada\desktop\新しいフォルダー (4)\vn_framework_2021\vn_framework_2021\vn_framework_2021\x64\debug\block2d.obj
c:\users\shimada\desktop\新しいフォルダー (4)\vn_framework_2021\vn_framework_2021\vn_framework_2021\x64\debug\vn_sound.obj
c:\users\shimada\desktop\新しいフォルダー (4)\vn_framework_2021\vn_framework_2021\vn_framework_2021\x64\debug\vn_mouse.obj
c:\users\shimada\desktop\新しいフォルダー (4)\vn_framework_2021\vn_framework_2021\vn_framework_2021\x64\debug\vn_mainframe.obj
c:\users\shimada\desktop\新しいフォルダー (4)\vn_framework_2021\vn_framework_2021\vn_framework_2021\x64\debug\vn_keyboard.obj
c:\users\shimada\desktop\新しいフォルダー (4)\vn_framework_2021\vn_framework_2021\vn_framework_2021\x64\debug\vn_joystick.obj
c:\users\shimada\desktop\新しいフォルダー (4)\vn_framework_2021\vn_framework_2021\vn_framework_2021\x64\debug\vn_font.obj
c:\users\shimada\desktop\新しいフォルダー (4)\vn_framework_2021\vn_framework_2021\vn_framework_2021\x64\debug\wictextureloader.obj
c:\users\shimada\desktop\新しいフォルダー (4)\vn_framework_2021\vn_framework_2021\vn_framework_2021\x64\debug\vn_shader.obj
c:\users\shimada\desktop\新しいフォルダー (4)\vn_framework_2021\vn_framework_2021\vn_framework_2021\x64\debug\vn_directsound.obj
c:\users\shimada\desktop\新しいフォルダー (4)\vn_framework_2021\vn_framework_2021\vn_framework_2021\x64\debug\vn_directinput.obj
c:\users\shimada\desktop\新しいフォルダー (4)\vn_framework_2021\vn_framework_2021\vn_framework_2021\x64\debug\vn_direct3d.obj
c:\users\shimada\desktop\新しいフォルダー (4)\vn_framework_2021\vn_framework_2021\vn_framework_2021\x64\debug\vn_direct2d.obj
c:\users\shimada\desktop\新しいフォルダー (4)\vn_framework_2021\vn_framework_2021\vn_framework_2021\x64\debug\vn_framework_2021.obj
c:\users\shimada\desktop\新しいフォルダー (4)\vn_framework_2021\vn_framework_2021\vn_framework_2021\x64\debug\vn_sprite.obj
c:\users\shimada\desktop\新しいフォルダー (4)\vn_framework_2021\vn_framework_2021\vn_framework_2021\x64\debug\vn_scenetable.obj
c:\users\shimada\desktop\新しいフォルダー (4)\vn_framework_2021\vn_framework_2021\vn_framework_2021\x64\debug\vn_scene.obj
c:\users\shimada\desktop\新しいフォルダー (4)\vn_framework_2021\vn_framework_2021\vn_framework_2021\x64\debug\scene_sprite_test.obj
c:\users\shimada\desktop\新しいフォルダー (4)\vn_framework_2021\vn_framework_2021\vn_framework_2021\x64\debug\scene_se_test.obj
c:\users\shimada\desktop\新しいフォルダー (4)\vn_framework_2021\vn_framework_2021\vn_framework_2021\x64\debug\scene_priority_test.obj
c:\users\shimada\desktop\新しいフォルダー (4)\vn_framework_2021\vn_framework_2021\vn_framework_2021\shader\ps_2d.cso
c:\users\shimada\desktop\新しいフォルダー (4)\vn_framework_2021\vn_framework_2021\vn_framework_2021\shader\vs_2d.cso
c:\users\shimada\desktop\新しいフォルダー (4)\vn_framework_2021\vn_framework_2021\x64\debug\vn_framework_2021.ilk
c:\users\shimada\desktop\新しいフォルダー (4)\vn_framework_2021\vn_framework_2021\x64\debug\vn_framework_2021.exe
c:\users\shimada\desktop\新しいフォルダー (4)\vn_framework_2021\vn_framework_2021\x64\debug\vn_framework_2021.pdb
c:\users\shimada\desktop\新しいフォルダー (4)\vn_framework_2021\vn_framework_2021\vn_framework_2021\x64\debug\vn_framework_2021.res
c:\users\shimada\desktop\バンタン2022市居サンプル\新しいフォルダー (4)\vn_framework_2021\vn_framework_2021\vn_framework_2021\x64\debug\block2d.obj
c:\users\shimada\desktop\バンタン2022市居サンプル\新しいフォルダー (4)\vn_framework_2021\vn_framework_2021\vn_framework_2021\x64\debug\item2d.obj
c:\users\shimada\desktop\バンタン2022市居サンプル\新しいフォルダー (4)\vn_framework_2021\vn_framework_2021\vn_framework_2021\x64\debug\player2d.obj
c:\users\shimada\desktop\バンタン2022市居サンプル\新しいフォルダー (4)\vn_framework_2021\vn_framework_2021\vn_framework_2021\x64\debug\scene_action_test.obj
c:\users\shimada\desktop\バンタン2022市居サンプル\新しいフォルダー (4)\vn_framework_2021\vn_framework_2021\vn_framework_2021\x64\debug\scene_block_test.obj
c:\users\shimada\desktop\バンタン2022市居サンプル\新しいフォルダー (4)\vn_framework_2021\vn_framework_2021\vn_framework_2021\x64\debug\scene_boot.obj
c:\users\shimada\desktop\バンタン2022市居サンプル\新しいフォルダー (4)\vn_framework_2021\vn_framework_2021\vn_framework_2021\x64\debug\scene_font_test.obj
c:\users\shimada\desktop\バンタン2022市居サンプル\新しいフォルダー (4)\vn_framework_2021\vn_framework_2021\vn_framework_2021\x64\debug\scene_joystick_test.obj
c:\users\shimada\desktop\バンタン2022市居サンプル\新しいフォルダー (4)\vn_framework_2021\vn_framework_2021\vn_framework_2021\x64\debug\scene_priority_test.obj
c:\users\shimada\desktop\バンタン2022市居サンプル\新しいフォルダー (4)\vn_framework_2021\vn_framework_2021\vn_framework_2021\x64\debug\scene_se_test.obj
c:\users\shimada\desktop\バンタン2022市居サンプル\新しいフォルダー (4)\vn_framework_2021\vn_framework_2021\vn_framework_2021\x64\debug\scene_sprite_test.obj
c:\users\shimada\desktop\バンタン2022市居サンプル\新しいフォルダー (4)\vn_framework_2021\vn_framework_2021\vn_framework_2021\x64\debug\vn_direct2d.obj
c:\users\shimada\desktop\バンタン2022市居サンプル\新しいフォルダー (4)\vn_framework_2021\vn_framework_2021\vn_framework_2021\x64\debug\vn_direct3d.obj
c:\users\shimada\desktop\バンタン2022市居サンプル\新しいフォルダー (4)\vn_framework_2021\vn_framework_2021\vn_framework_2021\x64\debug\vn_directinput.obj
c:\users\shimada\desktop\バンタン2022市居サンプル\新しいフォルダー (4)\vn_framework_2021\vn_framework_2021\vn_framework_2021\x64\debug\vn_directsound.obj
c:\users\shimada\desktop\バンタン2022市居サンプル\新しいフォルダー (4)\vn_framework_2021\vn_framework_2021\vn_framework_2021\x64\debug\vn_font.obj
c:\users\shimada\desktop\バンタン2022市居サンプル\新しいフォルダー (4)\vn_framework_2021\vn_framework_2021\vn_framework_2021\x64\debug\vn_framework_2021.obj
c:\users\shimada\desktop\バンタン2022市居サンプル\新しいフォルダー (4)\vn_framework_2021\vn_framework_2021\vn_framework_2021\x64\debug\vn_joystick.obj
c:\users\shimada\desktop\バンタン2022市居サンプル\新しいフォルダー (4)\vn_framework_2021\vn_framework_2021\vn_framework_2021\x64\debug\vn_keyboard.obj
c:\users\shimada\desktop\バンタン2022市居サンプル\新しいフォルダー (4)\vn_framework_2021\vn_framework_2021\vn_framework_2021\x64\debug\vn_mainframe.obj
c:\users\shimada\desktop\バンタン2022市居サンプル\新しいフォルダー (4)\vn_framework_2021\vn_framework_2021\vn_framework_2021\x64\debug\vn_mouse.obj
c:\users\shimada\desktop\バンタン2022市居サンプル\新しいフォルダー (4)\vn_framework_2021\vn_framework_2021\vn_framework_2021\x64\debug\vn_scene.obj
c:\users\shimada\desktop\バンタン2022市居サンプル\新しいフォルダー (4)\vn_framework_2021\vn_framework_2021\vn_framework_2021\x64\debug\vn_scenetable.obj
c:\users\shimada\desktop\バンタン2022市居サンプル\新しいフォルダー (4)\vn_framework_2021\vn_framework_2021\vn_framework_2021\x64\debug\vn_shader.obj
c:\users\shimada\desktop\バンタン2022市居サンプル\新しいフォルダー (4)\vn_framework_2021\vn_framework_2021\vn_framework_2021\x64\debug\vn_sound.obj
c:\users\shimada\desktop\バンタン2022市居サンプル\新しいフォルダー (4)\vn_framework_2021\vn_framework_2021\vn_framework_2021\x64\debug\vn_sprite.obj
c:\users\shimada\desktop\バンタン2022市居サンプル\新しいフォルダー (4)\vn_framework_2021\vn_framework_2021\vn_framework_2021\x64\debug\wictextureloader.obj
c:\users\shimada\desktop\バンタン2022市居サンプル\新しいフォルダー (4)\vn_framework_2021\vn_framework_2021\vn_framework_2021\x64\debug\vn_framework_2021.res
c:\users\shimada\desktop\バンタン2022市居サンプル\新しいフォルダー (4)\vn_framework_2021\vn_framework_2021\vn_framework_2021\x64\debug\vc142.idb
c:\users\shimada\desktop\バンタン2022市居サンプル\新しいフォルダー (4)\vn_framework_2021\vn_framework_2021\vn_framework_2021\x64\debug\vc142.pdb
c:\users\shimada\desktop\バンタン2022市居サンプル\新しいフォルダー (4)\vn_framework_2021\vn_framework_2021\x64\debug\vn_framework_2021.pdb
c:\users\shimada\desktop\バンタン2022市居サンプル\新しいフォルダー (4)\vn_framework_2021\vn_framework_2021\x64\debug\vn_framework_2021.exe
c:\users\shimada\desktop\バンタン2022市居サンプル\新しいフォルダー (4)\vn_framework_2021\vn_framework_2021\x64\debug\vn_framework_2021.ilk
c:\users\shimada\desktop\バンタン2022市居サンプル\新しいフォルダー (4)\vn_framework_2021\vn_framework_2021\vn_framework_2021\x64\debug\vn_frame.30391d75.tlog\cl.command.1.tlog
c:\users\shimada\desktop\バンタン2022市居サンプル\新しいフォルダー (4)\vn_framework_2021\vn_framework_2021\vn_framework_2021\x64\debug\vn_frame.30391d75.tlog\cl.read.1.tlog
c:\users\shimada\desktop\バンタン2022市居サンプル\新しいフォルダー (4)\vn_framework_2021\vn_framework_2021\vn_framework_2021\x64\debug\vn_frame.30391d75.tlog\cl.write.1.tlog
c:\users\shimada\desktop\バンタン2022市居サンプル\新しいフォルダー (4)\vn_framework_2021\vn_framework_2021\vn_framework_2021\x64\debug\vn_frame.30391d75.tlog\fxc.command.1.tlog
c:\users\shimada\desktop\バンタン2022市居サンプル\新しいフォルダー (4)\vn_framework_2021\vn_framework_2021\vn_framework_2021\x64\debug\vn_frame.30391d75.tlog\fxc.read.1.tlog
c:\users\shimada\desktop\バンタン2022市居サンプル\新しいフォルダー (4)\vn_framework_2021\vn_framework_2021\vn_framework_2021\x64\debug\vn_frame.30391d75.tlog\fxc.write.1.tlog
c:\users\shimada\desktop\バンタン2022市居サンプル\新しいフォルダー (4)\vn_framework_2021\vn_framework_2021\vn_framework_2021\x64\debug\vn_frame.30391d75.tlog\link.command.1.tlog
c:\users\shimada\desktop\バンタン2022市居サンプル\新しいフォルダー (4)\vn_framework_2021\vn_framework_2021\vn_framework_2021\x64\debug\vn_frame.30391d75.tlog\link.read.1.tlog
c:\users\shimada\desktop\バンタン2022市居サンプル\新しいフォルダー (4)\vn_framework_2021\vn_framework_2021\vn_framework_2021\x64\debug\vn_frame.30391d75.tlog\link.write.1.tlog
c:\users\shimada\desktop\バンタン2022市居サンプル\新しいフォルダー (4)\vn_framework_2021\vn_framework_2021\vn_framework_2021\x64\debug\vn_frame.30391d75.tlog\rc.command.1.tlog
c:\users\shimada\desktop\バンタン2022市居サンプル\新しいフォルダー (4)\vn_framework_2021\vn_framework_2021\vn_framework_2021\x64\debug\vn_frame.30391d75.tlog\rc.read.1.tlog
c:\users\shimada\desktop\バンタン2022市居サンプル\新しいフォルダー (4)\vn_framework_2021\vn_framework_2021\vn_framework_2021\x64\debug\vn_frame.30391d75.tlog\rc.write.1.tlog
